[    0.000000] Initializing cgroup subsys cpuset
[    0.000000] Initializing cgroup subsys cpu
[    0.000000] Initializing cgroup subsys cpuacct
[    0.000000] Linux version 4.4.0-151-generic (buildd@lgw01-amd64-043) (gcc version 5.4.0 20160609 (Ubuntu 5.4.0-6ubuntu1~16.04.10) ) #178-Ubuntu SMP Tue Jun 11 08:30:22 UTC 2019 (Ubuntu 4.4.0-151.178-generic 4.4.179)
[    0.000000] Command line: BOOT_IMAGE=/boot/vmlinuz-4.4.0-151-generic root=LABEL=cloudimg-rootfs ro console=tty1 console=ttyS0
[    0.000000] KERNEL supported cpus:
[    0.000000]   Intel GenuineIntel
[    0.000000]   AMD AuthenticAMD
[    0.000000]   Centaur CentaurHauls
[    0.000000] x86/fpu: xstate_offset[2]:  576, xstate_sizes[2]:  256
[    0.000000] x86/fpu: Supporting XSAVE feature 0x01: 'x87 floating point registers'
[    0.000000] x86/fpu: Supporting XSAVE feature 0x02: 'SSE registers'
[    0.000000] x86/fpu: Supporting XSAVE feature 0x04: 'AVX registers'
[    0.000000] x86/fpu: Enabled xstate features 0x7, context size is 832 bytes, using 'standard' format.
[    0.000000] e820: BIOS-provided physical RAM map:
[    0.000000] BIOS-e820: [mem 0x0000000000000000-0x000000000009fbff] usable
[    0.000000] BIOS-e820: [mem 0x000000000009fc00-0x000000000009ffff] reserved
[    0.000000] BIOS-e820: [mem 0x00000000000f0000-0x00000000000fffff] reserved
[    0.000000] BIOS-e820: [mem 0x0000000000100000-0x000000003e7effff] usable
[    0.000000] BIOS-e820: [mem 0x000000003e7f0000-0x000000003e7fffff] ACPI data
[    0.000000] BIOS-e820: [mem 0x00000000fec00000-0x00000000fec00fff] reserved
[    0.000000] BIOS-e820: [mem 0x00000000fee00000-0x00000000fee00fff] reserved
[    0.000000] BIOS-e820: [mem 0x00000000fffc0000-0x00000000ffffffff] reserved
[    0.000000] NX (Execute Disable) protection: active
[    0.000000] SMBIOS 2.5 present.
[    0.000000] Hypervisor detected: KVM
[    0.000000] e820: last_pfn = 0x3e7f0 max_arch_pfn = 0x400000000
[    0.000000] MTRR: Disabled
[    0.000000] x86/PAT: MTRRs disabled, skipping PAT initialization too.
[    0.000000] CPU MTRRs all blank - virtualized system.
[    0.000000] x86/PAT: Configuration [0-7]: WB  WT  UC- UC  WB  WT  UC- UC  
[    0.000000] found SMP MP-table at [mem 0x0009fff0-0x0009ffff] mapped at [ffff88000009fff0]
[    0.000000] Scanning 1 areas for low memory corruption
[    0.000000] RAMDISK: [mem 0x362fc000-0x37175fff]
[    0.000000] ACPI: Early table checksum verification disabled
[    0.000000] ACPI: RSDP 0x00000000000E0000 000024 (v02 VBOX  )
[    0.000000] ACPI: XSDT 0x000000003E7F0030 00003C (v01 VBOX   VBOXXSDT 00000001 ASL  00000061)
[    0.000000] ACPI: FACP 0x000000003E7F00F0 0000F4 (v04 VBOX   VBOXFACP 00000001 ASL  00000061)
[    0.000000] ACPI: DSDT 0x000000003E7F0470 0022EA (v02 VBOX   VBOXBIOS 00000002 INTL 20190703)
[    0.000000] ACPI: FACS 0x000000003E7F0200 000040
[    0.000000] ACPI: FACS 0x000000003E7F0200 000040
[    0.000000] ACPI: APIC 0x000000003E7F0240 000054 (v02 VBOX   VBOXAPIC 00000001 ASL  00000061)
[    0.000000] ACPI: SSDT 0x000000003E7F02A0 0001CC (v01 VBOX   VBOXCPUT 00000002 INTL 20190703)
[    0.000000] No NUMA configuration found
[    0.000000] Faking a node at [mem 0x0000000000000000-0x000000003e7effff]
[    0.000000] NODE_DATA(0) allocated [mem 0x3e7eb000-0x3e7effff]
[    0.000000] kvm-clock: Using msrs 4b564d01 and 4b564d00
[    0.000000] kvm-clock: cpu 0, msr 0:3e7e3001, primary cpu clock
[    0.000000] kvm-clock: using sched offset of 3321882690 cycles
[    0.000000] clocksource: kvm-clock: mask: 0xffffffffffffffff max_cycles: 0x1cd42e4dffb, max_idle_ns: 881590591483 ns
[    0.000000] Zone ranges:
[    0.000000]   DMA      [mem 0x0000000000001000-0x0000000000ffffff]
[    0.000000]   DMA32    [mem 0x0000000001000000-0x000000003e7effff]
[    0.000000]   Normal   empty
[    0.000000]   Device   empty
[    0.000000] Movable zone start for each node
[    0.000000] Early memory node ranges
[    0.000000]   node   0: [mem 0x0000000000001000-0x000000000009efff]
[    0.000000]   node   0: [mem 0x0000000000100000-0x000000003e7effff]
[    0.000000] Initmem setup node 0 [mem 0x0000000000001000-0x000000003e7effff]
[    0.000000] ACPI: PM-Timer IO Port: 0x4008
[    0.000000] IOAPIC[0]: apic_id 1, version 32, address 0xfec00000, GSI 0-23
[    0.000000] ACPI: INT_SRC_OVR (bus 0 bus_irq 0 global_irq 2 dfl dfl)
[    0.000000] ACPI: INT_SRC_OVR (bus 0 bus_irq 9 global_irq 9 low level)
[    0.000000] Using ACPI (MADT) for SMP configuration information
[    0.000000] smpboot: Allowing 1 CPUs, 0 hotplug CPUs
[    0.000000] PM: Registered nosave memory: [mem 0x00000000-0x00000fff]
[    0.000000] PM: Registered nosave memory: [mem 0x0009f000-0x0009ffff]
[    0.000000] PM: Registered nosave memory: [mem 0x000a0000-0x000effff]
[    0.000000] PM: Registered nosave memory: [mem 0x000f0000-0x000fffff]
[    0.000000] e820: [mem 0x3e800000-0xfebfffff] available for PCI devices
[    0.000000] Booting paravirtualized kernel on KVM
[    0.000000] clocksource: refined-jiffies: mask: 0xffffffff max_cycles: 0xffffffff, max_idle_ns: 7645519600211568 ns
[    0.000000] setup_percpu: NR_CPUS:512 nr_cpumask_bits:512 nr_cpu_ids:1 nr_node_ids:1
[    0.000000] PERCPU: Embedded 34 pages/cpu @ffff88003e400000 s99480 r8192 d31592 u2097152
[    0.000000] Built 1 zonelists in Node order, mobility grouping on.  Total pages: 251864
[    0.000000] Policy zone: DMA32
[    0.000000] Kernel command line: BOOT_IMAGE=/boot/vmlinuz-4.4.0-151-generic root=LABEL=cloudimg-rootfs ro console=tty1 console=ttyS0
[    0.000000] PID hash table entries: 4096 (order: 3, 32768 bytes)
[    0.000000] Memory: 973296K/1023544K available (8613K kernel code, 1335K rwdata, 4028K rodata, 1484K init, 1284K bss, 50248K reserved, 0K cma-reserved)
[    0.000000] SLUB: HWalign=64, Order=0-3, MinObjects=0, CPUs=1, Nodes=1
[    0.000000] Kernel/User page tables isolation: enabled
[    0.000000] Hierarchical RCU implementation.
[    0.000000] 	Build-time adjustment of leaf fanout to 64.
[    0.000000] 	RCU restricting CPUs from NR_CPUS=512 to nr_cpu_ids=1.
[    0.000000] RCU: Adjusting geometry for rcu_fanout_leaf=64, nr_cpu_ids=1
[    0.000000] NR_IRQS:33024 nr_irqs:256 16
[    0.000000] Console: colour VGA+ 80x25
[    0.000000] console [tty1] enabled
[    0.000000] console [ttyS0] enabled
[    0.000000] tsc: Detected 2194.914 MHz processor
[    0.142152] Calibrating delay loop (skipped) preset value.. 4389.82 BogoMIPS (lpj=8779656)
[    0.143930] pid_max: default: 32768 minimum: 301
[    0.144878] ACPI: Core revision 20150930
[    0.146706] ACPI: 2 ACPI AML tables successfully acquired and loaded
[    0.148007] Security Framework initialized
[    0.148879] Yama: becoming mindful.
[    0.149719] AppArmor: AppArmor initialized
[    0.150683] Dentry cache hash table entries: 131072 (order: 8, 1048576 bytes)
[    0.152687] Inode-cache hash table entries: 65536 (order: 7, 524288 bytes)
[    0.154078] Mount-cache hash table entries: 2048 (order: 2, 16384 bytes)
[    0.155305] Mountpoint-cache hash table entries: 2048 (order: 2, 16384 bytes)
[    0.156769] Initializing cgroup subsys io
[    0.157656] Initializing cgroup subsys memory
[    0.158561] Initializing cgroup subsys devices
[    0.159472] Initializing cgroup subsys freezer
[    0.160386] Initializing cgroup subsys net_cls
[    0.161295] Initializing cgroup subsys perf_event
[    0.162289] Initializing cgroup subsys net_prio
[    0.163193] Initializing cgroup subsys hugetlb
[    0.164107] Initializing cgroup subsys pids
[    0.166063] mce: CPU supports 0 MCE banks
[    0.166928] process: using mwait in idle threads
[    0.167851] Last level iTLB entries: 4KB 64, 2MB 8, 4MB 8
[    0.168885] Last level dTLB entries: 4KB 64, 2MB 0, 4MB 0, 1GB 4
[    0.170057] Spectre V2 : Mitigation: Full generic retpoline
[    0.171193] Spectre V2 : Spectre v2 / SpectreRSB mitigation: Filling RSB on context switch
[    0.172802] Speculative Store Bypass: Vulnerable
[    0.173895] MDS: Vulnerable: Clear CPU buffers attempted, no microcode
[    0.202407] Freeing SMP alternatives memory: 36K
[    0.209169] ftrace: allocating 32299 entries in 127 pages
[    0.273418] smpboot: APIC(0) Converting physical 0 to logical package 0
[    0.274785] smpboot: Max logical packages: 1
[    0.275920] x2apic enabled
[    0.276869] Switched APIC routing to physical x2apic.
[    0.279051] ..TIMER: vector=0x30 apic1=0 pin1=2 apic2=-1 pin2=-1
[    0.385503] smpboot: CPU0: Intel(R) Core(TM) i5-5200U CPU @ 2.20GHz (family: 0x6, model: 0x3d, stepping: 0x4)
[    0.387729] Performance Events: unsupported p6 CPU model 61 no PMU driver, software events only.
[    0.401823] KVM setup paravirtual spinlock
[    0.403543] x86: Booted up 1 node, 1 CPUs
[    0.404423] smpboot: Total of 1 processors activated (4389.82 BogoMIPS)
[    0.405954] devtmpfs: initialized
[    0.408325] evm: security.selinux
[    0.409054] evm: security.SMACK64
[    0.409983] evm: security.SMACK64EXEC
[    0.411024] evm: security.SMACK64TRANSMUTE
[    0.412200] evm: security.SMACK64MMAP
[    0.413293] evm: security.ima
[    0.414269] evm: security.capability
[    0.415553] clocksource: jiffies: mask: 0xffffffff max_cycles: 0xffffffff, max_idle_ns: 7645041785100000 ns
[    0.418173] futex hash table entries: 256 (order: 2, 16384 bytes)
[    0.419836] pinctrl core: initialized pinctrl subsystem
[    0.421374] RTC time: 21:49:04, date: 07/26/19
[    0.422851] NET: Registered protocol family 16
[    0.424299] cpuidle: using governor ladder
[    0.426219] cpuidle: using governor menu
[    0.427207] PCCT header not found.
[    0.428152] ACPI: bus type PCI registered
[    0.429096] acpiphp: ACPI Hot Plug PCI Controller Driver version: 0.5
[    0.432465] PCI: Using configuration type 1 for base access
[    0.434990] ACPI: Added _OSI(Module Device)
[    0.435971] ACPI: Added _OSI(Processor Device)
[    0.436986] ACPI: Added _OSI(3.0 _SCP Extensions)
[    0.438096] ACPI: Added _OSI(Processor Aggregator Device)
[    0.439699] ACPI: Executed 1 blocks of module-level executable AML code
[    0.443288] ACPI: Interpreter enabled
[    0.444395] ACPI: (supports S0 S5)
[    0.445205] ACPI: Using IOAPIC for interrupt routing
[    0.446421] PCI: Using host bridge windows from ACPI; if necessary, use "pci=nocrs" and report a bug
[    0.451673] ACPI: PCI Root Bridge [PCI0] (domain 0000 [bus 00-ff])
[    0.453050] acpi PNP0A03:00: _OSC: OS supports [ASPM ClockPM Segments MSI]
[    0.454774] acpi PNP0A03:00: _OSC: not requesting OS control; OS requires [ExtendedConfig ASPM ClockPM MSI]
[    0.456831] acpi PNP0A03:00: fail to add MMCONFIG information, can't access extended PCI configuration space under this bridge.
[    0.460796] PCI host bridge to bus 0000:00
[    0.462204] pci_bus 0000:00: root bus resource [io  0x0000-0x0cf7 window]
[    0.463581] pci_bus 0000:00: root bus resource [io  0x0d00-0xffff window]
[    0.464936] pci_bus 0000:00: root bus resource [mem 0x000a0000-0x000bffff window]
[    0.466566] pci_bus 0000:00: root bus resource [mem 0x3e800000-0xfdffffff window]
[    0.468275] pci_bus 0000:00: root bus resource [bus 00-ff]
[    0.470792] pci 0000:00:01.1: legacy IDE quirk: reg 0x10: [io  0x01f0-0x01f7]
[    0.472197] pci 0000:00:01.1: legacy IDE quirk: reg 0x14: [io  0x03f6]
[    0.473502] pci 0000:00:01.1: legacy IDE quirk: reg 0x18: [io  0x0170-0x0177]
[    0.474927] pci 0000:00:01.1: legacy IDE quirk: reg 0x1c: [io  0x0376]
[    0.492413] pci 0000:00:07.0: quirk: [io  0x4000-0x403f] claimed by PIIX4 ACPI
[    0.494115] pci 0000:00:07.0: quirk: [io  0x4100-0x410f] claimed by PIIX4 SMB
[    0.514806] ACPI: PCI Interrupt Link [LNKA] (IRQs 5 9 10 *11)
[    0.516554] ACPI: PCI Interrupt Link [LNKB] (IRQs 5 9 *10 11)
[    0.518227] ACPI: PCI Interrupt Link [LNKC] (IRQs 5 *9 10 11)
[    0.519801] ACPI: PCI Interrupt Link [LNKD] (IRQs 5 9 10 *11)
[    0.521434] ACPI: Enabled 2 GPEs in block 00 to 07
[    0.522815] vgaarb: setting as boot device: PCI:0000:00:02.0
[    0.523943] vgaarb: device added: PCI:0000:00:02.0,decodes=io+mem,owns=io+mem,locks=none
[    0.525667] vgaarb: loaded
[    0.526354] vgaarb: bridge control possible 0000:00:02.0
[    0.527693] SCSI subsystem initialized
[    0.528673] ACPI: bus type USB registered
[    0.529576] usbcore: registered new interface driver usbfs
[    0.530724] usbcore: registered new interface driver hub
[    0.531866] usbcore: registered new device driver usb
[    0.533048] PCI: Using ACPI for IRQ routing
[    0.534227] NetLabel: Initializing
[    0.535032] NetLabel:  domain hash size = 128
[    0.535949] NetLabel:  protocols = UNLABELED CIPSOv4
[    0.536975] NetLabel:  unlabeled traffic allowed by default
[    0.538272] amd_nb: Cannot enumerate AMD northbridges
[    0.539340] clocksource: Switched to clocksource kvm-clock
[    0.546689] AppArmor: AppArmor Filesystem Enabled
[    0.547925] pnp: PnP ACPI init
[    0.549437] pnp: PnP ACPI: found 3 devices
[    0.556797] clocksource: acpi_pm: mask: 0xffffff max_cycles: 0xffffff, max_idle_ns: 2085701024 ns
[    0.558777] NET: Registered protocol family 2
[    0.559899] TCP established hash table entries: 8192 (order: 4, 65536 bytes)
[    0.561278] TCP bind hash table entries: 8192 (order: 5, 131072 bytes)
[    0.562613] TCP: Hash tables configured (established 8192 bind 8192)
[    0.563930] UDP hash table entries: 512 (order: 2, 16384 bytes)
[    0.565105] UDP-Lite hash table entries: 512 (order: 2, 16384 bytes)
[    0.566350] NET: Registered protocol family 1
[    0.567266] pci 0000:00:00.0: Limiting direct PCI/PCI transfers
[    0.568394] pci 0000:00:01.0: Activating ISA DMA hang workarounds
[    0.569678] Unpacking initramfs...
[    0.790250] Freeing initrd memory: 14824K
[    0.791282] RAPL PMU detected, API unit is 2^-32 Joules, 4 fixed counters 10737418240 ms ovfl timer
[    0.793175] hw unit of domain pp0-core 2^-0 Joules
[    0.794121] hw unit of domain package 2^-0 Joules
[    0.795067] hw unit of domain dram 2^-0 Joules
[    0.796029] hw unit of domain pp1-gpu 2^-0 Joules
[    0.797017] clocksource: tsc: mask: 0xffffffffffffffff max_cycles: 0x1fa36e579bf, max_idle_ns: 440795269840 ns
[    0.799077] platform rtc_cmos: registered platform RTC device (no PNP device found)
[    0.800844] Scanning for low memory corruption every 60 seconds
[    0.802245] audit: initializing netlink subsys (disabled)
[    0.803356] audit: type=2000 audit(1564177749.512:1): initialized
[    0.804876] Initialise system trusted keyring
[    0.805891] HugeTLB registered 2 MB page size, pre-allocated 0 pages
[    0.809079] zbud: loaded
[    0.810108] VFS: Disk quotas dquot_6.6.0
[    0.810990] VFS: Dquot-cache hash table entries: 512 (order 0, 4096 bytes)
[    0.812577] squashfs: version 4.0 (2009/01/31) Phillip Lougher
[    0.813960] fuse init (API version 7.23)
[    0.814963] Key type big_key registered
[    0.815853] Allocating IMA MOK and blacklist keyrings.
[    0.817130] Key type asymmetric registered
[    0.818065] Asymmetric key parser 'x509' registered
[    0.819070] Block layer SCSI generic (bsg) driver version 0.4 loaded (major 249)
[    0.820708] io scheduler noop registered
[    0.821577] io scheduler deadline registered (default)
[    0.822644] io scheduler cfq registered
[    0.823579] pci_hotplug: PCI Hot Plug PCI Core version: 0.5
[    0.824767] pciehp: PCI Express Hot Plug Controller Driver version: 0.4
[    0.826099] ACPI: AC Adapter [AC] (on-line)
[    0.827033] input: Power Button as /devices/LNXSYSTM:00/LNXPWRBN:00/input/input0
[    0.828671] ACPI: Power Button [PWRF]
[    0.829532] input: Sleep Button as /devices/LNXSYSTM:00/LNXSLPBN:00/input/input1
[    0.831070] ACPI: Sleep Button [SLPF]
[    0.832560] ACPI: Battery Slot [BAT0] (battery present)
[    0.833581] GHES: HEST is not enabled!
[    0.834483] Serial: 8250/16550 driver, 32 ports, IRQ sharing enabled
[    0.856227] 00:02: ttyS0 at I/O 0x3f8 (irq = 4, base_baud = 115200) is a 16550A
[    0.860365] Linux agpgart interface v0.103
[    0.862362] loop: module loaded
[    0.863673] scsi host0: ata_piix
[    0.864457] scsi host1: ata_piix
[    0.865249] ata1: PATA max UDMA/33 cmd 0x1f0 ctl 0x3f6 bmdma 0xd000 irq 14
[    0.866550] ata2: PATA max UDMA/33 cmd 0x170 ctl 0x376 bmdma 0xd008 irq 15
[    0.868428] libphy: Fixed MDIO Bus: probed
[    0.869324] tun: Universal TUN/TAP device driver, 1.6
[    0.870331] tun: (C) 1999-2004 Max Krasnyansky <maxk@qualcomm.com>
[    0.871565] PPP generic driver version 2.4.2
[    0.872628] ehci_hcd: USB 2.0 'Enhanced' Host Controller (EHCI) Driver
[    0.873851] ehci-pci: EHCI PCI platform driver
[    0.874831] ehci-platform: EHCI generic platform driver
[    0.875929] ohci_hcd: USB 1.1 'Open' Host Controller (OHCI) Driver
[    0.877147] ohci-pci: OHCI PCI platform driver
[    0.878121] ohci-platform: OHCI generic platform driver
[    0.879198] uhci_hcd: USB Universal Host Controller Interface driver
[    0.880549] i8042: PNP: PS/2 Controller [PNP0303:PS2K,PNP0f03:PS2M] at 0x60,0x64 irq 1,12
[    0.882695] serio: i8042 KBD port at 0x60,0x64 irq 1
[    0.883755] serio: i8042 AUX port at 0x60,0x64 irq 12
[    0.884888] mousedev: PS/2 mouse device common for all mice
[    0.886225] input: AT Translated Set 2 keyboard as /devices/platform/i8042/serio0/input/input2
[    0.888353] rtc_cmos rtc_cmos: rtc core: registered rtc_cmos as rtc0
[    0.889633] rtc_cmos rtc_cmos: alarms up to one day, 114 bytes nvram
[    0.890842] i2c /dev entries driver
[    0.891703] device-mapper: uevent: version 1.0.3
[    0.892729] device-mapper: ioctl: 4.34.0-ioctl (2015-10-28) initialised: dm-devel@redhat.com
[    0.894433] ledtrig-cpu: registered to indicate activity on CPUs
[    0.895877] NET: Registered protocol family 10
[    0.897035] NET: Registered protocol family 17
[    0.898006] Key type dns_resolver registered
[    0.899164] registered taskstats version 1
[    0.900067] Loading compiled-in X.509 certificates
[    0.901752] Loaded X.509 cert 'Build time autogenerated kernel key: 7ba2dee60acc6d70f0ebdb64460d59d2cf8df5ff'
[    0.903656] zswap: loaded using pool lzo/zbud
[    0.906122] Key type trusted registered
[    0.909681] Key type encrypted registered
[    0.910626] AppArmor: AppArmor sha1 policy hashing enabled
[    0.911789] ima: No TPM chip found, activating TPM-bypass!
[    0.912926] ima: Allocated hash algorithm: sha1
[    0.913905] evm: HMAC attrs: 0x1
[    0.914916]   Magic number: 11:975:854
[    0.915846] rtc_cmos rtc_cmos: setting system clock to 2019-07-26 21:49:05 UTC (1564177745)
[    0.917591] BIOS EDD facility v0.16 2004-Jun-25, 0 devices found
[    0.918791] EDD information not available.
[    1.026754] Freeing unused kernel memory: 1484K
[    1.029232] Write protecting the kernel read-only data: 14336k
[    1.032247] Freeing unused kernel memory: 1616K
[    1.034421] Freeing unused kernel memory: 68K
Loading, please wait...
starting version 229
[    1.049540] random: udevadm: uninitialized urandom read (16 bytes read, 3 bits of entropy available)
[    1.051272] random: udevadm: uninitialized urandom read (16 bytes read, 3 bits of entropy available)
[    1.053531] random: systemd-udevd: uninitialized urandom read (16 bytes read, 3 bits of entropy available)
[    1.055388] random: systemd-udevd: uninitialized urandom read (16 bytes read, 3 bits of entropy available)
[    1.057286] random: systemd-udevd: uninitialized urandom read (16 bytes read, 3 bits of entropy available)
[    1.059148] random: systemd-udevd: uninitialized urandom read (16 bytes read, 3 bits of entropy available)
[    1.068601] random: systemd-udevd: uninitialized urandom read (16 bytes read, 3 bits of entropy available)
[    1.070555] random: systemd-udevd: uninitialized urandom read (16 bytes read, 3 bits of entropy available)
[    1.073559] random: udevadm: uninitialized urandom read (16 bytes read, 3 bits of entropy available)
[    1.075410] random: udevadm: uninitialized urandom read (16 bytes read, 3 bits of entropy available)
[    1.139231] e1000: Intel(R) PRO/1000 Network Driver - version 7.3.21-k8-NAPI
[    1.140629] e1000: Copyright (c) 1999-2006 Intel Corporation.
[    1.146668] Fusion MPT base driver 3.04.20
[    1.147580] Copyright (c) 1999-2008 LSI Corporation
[    1.167384] Fusion MPT SPI Host driver 3.04.20
[    1.194052] AVX2 version of gcm_enc/dec engaged.
[    1.195069] AES CTR mode by8 optimization enabled
[    1.359750] input: ImExPS/2 Generic Explorer Mouse as /devices/platform/i8042/serio1/input/input4
[    1.530581] e1000 0000:00:03.0 eth0: (PCI:33MHz:32-bit) 02:26:20:ce:de:47
[    1.531909] e1000 0000:00:03.0 eth0: Intel(R) PRO/1000 Network Connection
[    1.533654] mptbase: ioc0: Initiating bringup
[    1.596144] ioc0: LSI53C1030 A0: Capabilities={Initiator}
[    1.763237] scsi host2: ioc0: LSI53C1030 A0, FwRev=00000000h, Ports=1, MaxQ=256, IRQ=20
[    1.883158] scsi 2:0:0:0: Direct-Access     VBOX     HARDDISK         1.0  PQ: 0 ANSI: 5
[    1.886896] scsi target2:0:0: Beginning Domain Validation
[    1.890570] scsi target2:0:0: Domain Validation skipping write tests
[    1.893212] scsi target2:0:0: Ending Domain Validation
[    1.895104] scsi target2:0:0: asynchronous
[    1.896371] scsi 2:0:1:0: Direct-Access     VBOX     HARDDISK         1.0  PQ: 0 ANSI: 5
[    1.897947] scsi target2:0:1: Beginning Domain Validation
[    1.900152] scsi target2:0:1: Domain Validation skipping write tests
[    1.911307] scsi target2:0:1: Ending Domain Validation
[    1.920683] scsi target2:0:1: asynchronous
[    2.090251] sd 2:0:0:0: Attached scsi generic sg0 type 0
[    2.091537] sd 2:0:0:0: [sda] 20971520 512-byte logical blocks: (10.7 GB/10.0 GiB)
[    2.093552] sd 2:0:1:0: [sdb] 20480 512-byte logical blocks: (10.5 MB/10.0 MiB)
[    2.095206] sd 2:0:1:0: Attached scsi generic sg1 type 0
[    2.096575] sd 2:0:1:0: [sdb] Write Protect is off
[    2.097680] sd 2:0:0:0: [sda] Write Protect is off
[    2.099433] sd 2:0:1:0: [sdb] Incomplete mode parameter data
[    2.101432] sd 2:0:1:0: [sdb] Assuming drive cache: write through
[    2.102834] sd 2:0:0:0: [sda] Incomplete mode parameter data
[    2.103993] sd 2:0:0:0: [sda] Assuming drive cache: write through
[    2.143872]  sda: sda1
[    2.145345] sd 2:0:0:0: [sda] Attached SCSI disk
[    2.146511] sd 2:0:1:0: [sdb] Attached SCSI disk
[    2.262150] e1000 0000:00:08.0 eth1: (PCI:33MHz:32-bit) 08:00:27:00:0c:b2
[    2.263584] e1000 0000:00:08.0 eth1: Intel(R) PRO/1000 Network Connection
[    2.265800] e1000 0000:00:08.0 enp0s8: renamed from eth1
[    2.268457] e1000 0000:00:03.0 enp0s3: renamed from eth0
Begin: Loading essential drivers ... [    3.623841] md: linear personality registered for level -1
[    3.628033] md: multipath personality registered for level -4
[    3.632378] md: raid0 personality registered for level 0
[    3.638710] md: raid1 personality registered for level 1
[    3.714766] raid6: sse2x1   gen()  8852 MB/s
[    3.787739] raid6: sse2x1   xor()  6788 MB/s
[    3.867740] raid6: sse2x2   gen() 11396 MB/s
[    3.947739] raid6: sse2x2   xor()  7563 MB/s
[    4.017799] raid6: sse2x4   gen() 11710 MB/s
[    4.087768] raid6: sse2x4   xor()  8707 MB/s
[    4.167772] raid6: avx2x1   gen() 17567 MB/s
[    4.247741] raid6: avx2x2   gen() 20480 MB/s
[    4.327740] raid6: avx2x4   gen() 23786 MB/s
[    4.328659] raid6: using algorithm avx2x4 gen() 23786 MB/s
[    4.329719] raid6: using avx2x2 recovery algorithm
[    4.332747] xor: automatically using best checksumming function:
[    4.417797]    avx       : 64689.000 MB/sec
[    4.420735] async_tx: api initialized (async)
[    4.435803] md: raid6 personality registered for level 6
[    4.437009] md: raid5 personality registered for level 5
[    4.438081] md: raid4 personality registered for level 4
[    4.445668] md: raid10 personality registered for level 10
done.
Begin: Running /scripts/init-premount ... done.
Begin: Mounting root file system ... Begin: Running /scripts/local-top ... done.
Begin: Running /scripts/local-premount ... [    4.486496] Btrfs loaded
Scanning for Btrfs filesystems
done.
Warning: fsck not present, so skipping root file system
[    4.628890] EXT4-fs (sda1): mounted filesystem with ordered data mode. Opts: (null)
done.
Begin: Running /scripts/local-bottom ... done.
Begin: Running /scripts/init-bottom ... done.
[    5.052222] systemd[1]: systemd 229 running in system mode. (+PAM +AUDIT +SELINUX +IMA +APPARMOR +SMACK +SYSVINIT +UTMP +LIBCRYPTSETUP +GCRYPT +GNUTLS +ACL +XZ -LZ4 +SECCOMP +BLKID +ELFUTILS +KMOD -IDN)
[    5.060171] systemd[1]: Detected virtualization oracle.
[    5.061248] systemd[1]: Detected architecture x86-64.

Welcome to [1mUbuntu 16.04.6 LTS[0m!

[    5.084384] systemd[1]: Set hostname to <worker1>.
[    5.451809] random: nonblocking pool is initialized
[    5.607829] systemd[1]: Reached target Swap.
[[0;32m  OK  [0m] Reached target Swap.
[    5.611616] systemd[1]: Set up automount Arbitrary Executable File Formats File System Automount Point.
[[0;32m  OK  [0m] Set up automount Arbitrary Executab...ats File System Automount Point.
[    5.616715] systemd[1]: Listening on /dev/initctl Compatibility Named Pipe.
[[0;32m  OK  [0m] Listening on /dev/initctl Compatibility Named Pipe.
[    5.619585] systemd[1]: Listening on Syslog Socket.
[[0;32m  OK  [0m] Listening on Syslog Socket.
[    5.621347] systemd[1]: Started Trigger resolvconf update for networkd DNS.
[[0;32m  OK  [0m] Started Trigger resolvconf update for networkd DNS.
[    5.623616] systemd[1]: Reached target Encrypted Volumes.
[[0;32m  OK  [0m] Reached target Encrypted Volumes.
[    5.625373] systemd[1]: Listening on Journal Socket (/dev/log).
[[0;32m  OK  [0m] Listening on Journal Socket (/dev/log).
[    5.627276] systemd[1]: Listening on Device-mapper event daemon FIFOs.
[[0;32m  OK  [0m] Listening on Device-mapper event daemon FIFOs.
[    5.629403] systemd[1]: Listening on LVM2 poll daemon socket.
[[0;32m  OK  [0m] Listening on LVM2 poll daemon socket.
[    5.631191] systemd[1]: Reached target User and Group Name Lookups.
[[0;32m  OK  [0m] Reached target User and Group Name Lookups.
[    5.633286] systemd[1]: Started Forward Password Requests to Wall Directory Watch.
[[0;32m  OK  [0m] Started Forward Password Requests to Wall Directory Watch.
[    5.635800] systemd[1]: Listening on udev Kernel Socket.
[[0;32m  OK  [0m] Listening on udev Kernel Socket.
[    5.637920] systemd[1]: Created slice System Slice.
[[0;32m  OK  [0m] Created slice System Slice.
[    5.639827] systemd[1]: Created slice system-serial\x2dgetty.slice.
[[0;32m  OK  [0m] Created slice system-serial\x2dgetty.slice.
[    5.641862] systemd[1]: Listening on udev Control Socket.
[[0;32m  OK  [0m] Listening on udev Control Socket.
[    5.643978] systemd[1]: Created slice User and Session Slice.
[[0;32m  OK  [0m] Created slice User and Session Slice.
[    5.645892] systemd[1]: Reached target Slices.
[[0;32m  OK  [0m] Reached target Slices.
[    5.647540] systemd[1]: Reached target System Time Synchronized.
[[0;32m  OK  [0m] Reached target System Time Synchronized.
[    5.649570] systemd[1]: Listening on Journal Socket.
[[0;32m  OK  [0m] Listening on Journal Socket.
[    5.652030] systemd[1]: Starting Uncomplicated firewall...
         Starting Uncomplicated firewall...
[    5.660370] systemd[1]: Starting Set console keymap...
         Starting Set console keymap...
[    5.663284] systemd[1]: Starting Remount Root and Kernel File Systems...
         Starting Remount Root and Kernel File Systems...
[    5.672705] systemd[1]: Starting Create list of required static device nodes for the current kernel...
         Starting Create list of required st... nodes for the current kernel...
[    5.688466] systemd[1]: Mounting Debug File System...
         Mounting Debug File System...
[    5.711340] systemd[1]: Starting Load Kernel Modules...
         Starting Load Kernel Modules...
[    5.714960] systemd[1]: Starting Nameserver information manager...
         Starting Nameserver information manager...
[    5.729069] systemd[1]: Mounting Huge Pages File System...
         Mounting Huge Pages File System...
[    5.736309] systemd[1]: Mounting POSIX Message Queue File System...
         Mounting POSIX Message Queue File System...
[    5.743751] systemd[1]: Listening on Journal Audit Socket.
[[0;32m  OK  [0m] Listening on Journal Audit Socket.
[    5.746209] systemd[1]: Starting Journal Service...
         Starting Journal Service...
[    5.755658] systemd[1]: Listening on LVM2 metadata daemon socket.
[[0;32m  OK  [0m] Listening on LVM2 metadata daemon socket.
[    5.759957] systemd[1]: Starting Monitoring of LVM2 mirrors, snapshots etc. using dmeventd or progress polling...
         Starting Monitoring of LVM2 mirrors... dmeventd or progress polling...
[    5.773624] systemd[1]: Started Uncomplicated firewall.
[[0;32m  OK  [0m] Started Uncomplicated firewall.
[    5.778462] Loading iSCSI transport class v2.0-870.
[    5.780314] systemd[1]: Started Create list of required static device nodes for the current kernel.
[[0;32m  OK  [0m] Started Create list of required sta...ce nodes for the current kernel.
[    5.811749] systemd[1]: Starting Create Static Device Nodes in /dev...
         Starting Create Static Device Nodes in /dev...
[    5.837464] systemd[1]: Mounted Debug File System.
[[0;32m  OK  [0m] Mounted Debug File System.
[    5.841519] iscsi: registered transport (tcp)
[    5.847071] systemd[1]: Mounted POSIX Message Queue File System.
[[    5.849082] EXT4-fs (sda1): re-mounted. Opts: (null)
[0;32m  OK  [0m] Mounted POSIX Message Queue File System.
[    5.850762] systemd[1]: Mounted Huge Pages File System.
[[0;32m  OK  [0m] Mounted Huge Pages File System.
[    5.853893] systemd[1]: Started Remount Root and Kernel File Systems.
[[0;32m  OK  [0m] Started Remount Root and Kernel File Systems.
[    5.873059] systemd[1]: Starting Load/Save Random Seed...
         Starting Load/Save Random Seed...
[    5.888665] systemd[1]: Starting udev Coldplug all Devices...
         Starting udev Coldplug all Devices...
[    5.896310] systemd[1]: Started Nameserver information manager.
[[0;32m  OK  [0m] Started Nameserver information manager.
[    5.914925] systemd[1]: Started Load/Save Random Seed.
[[0;32m  OK  [0m] Started Load/Save Random Seed.
[    5.971081] systemd[1]: Started Journal Service.
[[0;32m  OK  [0m] Started Journal Service.
         Starting Flush Journal to Persistent Storage...
[    6.044202] systemd-journald[388]: Received request to flush runtime journal from PID 1
[[0;32m  OK  [0m] Started Flush Journal to Persistent Storage.
[    6.064868] iscsi: registered transport (iser)
[[0;32m  OK  [0m] Started Load Kernel Modules.
         Mounting FUSE Control File System...
         Starting Apply Kernel Variables...
[[0;32m  OK  [0m] Mounted FUSE Control File System.
[[0;32m  OK  [0m] Started LVM2 metadata daemon.
[[0;32m  OK  [0m] Started udev Coldplug all Devices.
[[0;32m  OK  [0m] Started Set console keymap.
[[0;32m  OK  [0m] Started Apply Kernel Variables.
[[0;32m  OK  [0m] Started Create Static Device Nodes in /dev.
         Starting udev Kernel Device Manager...
[[0;32m  OK  [0m] Started udev Kernel Device Manager.
[[0;32m  OK  [0m] Started Dispatch Password Requests to Console Directory Watch.
[[0;32m  OK  [0m] Found device /dev/ttyS0.
[[0;32m  OK  [0m] Started Monitoring of LVM2 mirrors,...ng dmeventd or progress polling.
[[0;32m  OK  [0m] Reached target Local File Systems (Pre).
[[0;32m  OK  [0m] Reached target Local File Systems.
         Starting LSB: AppArmor initialization...
         Starting Initial cloud-init job (pre-networking)...
         Starting Create Volatile Files and Directories...
         Starting Tell Plymouth To Write Out Runtime Data...
         Starting Set console font and keymap...
[[0;32m  OK  [0m] Listening on Load/Save RF Kill Switch Status /dev/rfkill Watch.
[[0;32m  OK  [0m] Started Tell Plymouth To Write Out Runtime Data.
[[0;32m  OK  [0m] Started Create Volatile Files and Directories.
         Starting Update UTMP about System Boot/Shutdown...
[[0;32m  OK  [0m] Found device 82540EM Gigabit Ethern...r (PRO/1000 MT Desktop Adapter).
[[0;32m  OK  [0m] Started Update UTMP about System Boot/Shutdown.
[[0;32m  OK  [0m] Found device 82540EM Gigabit Ethern...r (PRO/1000 MT Desktop Adapter).
[[0;32m  OK  [0m] Started Set console font and keymap.
[[0;32m  OK  [0m] Created slice system-getty.slice.
[[0;32m  OK  [0m] Started LSB: AppArmor initialization.
[   10.025448] cloud-init[528]: Cloud-init v. 19.1-1-gbaa47854-0ubuntu1~16.04.1 running 'init-local' at Fri, 26 Jul 2019 21:49:14 +0000. Up 9.39 seconds.
[[0;32m  OK  [0m] Started Initial cloud-init job (pre-networking).
[[0;32m  OK  [0m] Reached target Network (Pre).
         Starting Raise network interfaces...
[[0;32m  OK  [0m] Started ifup for enp0s8.
[[0;32m  OK  [0m] Started ifup for enp0s3.
[[0;32m  OK  [0m] Started Raise network interfaces.
         Starting Initial cloud-init job (metadata service crawler)...
[[0;32m  OK  [0m] Reached target Network.
[   11.484749] cloud-init[1084]: Cloud-init v. 19.1-1-gbaa47854-0ubuntu1~16.04.1 running 'init' at Fri, 26 Jul 2019 21:49:15 +0000. Up 10.87 seconds.
[   11.487537] cloud-init[1084]: ci-info: ++++++++++++++++++++++++++++++++++++++Net device info++++++++++++++++++++++++++++++++++++++
[   11.496220] cloud-init[1084]: ci-info: +--------+------+----------------------------+---------------+--------+-------------------+
[   11.498383] cloud-init[1084]: ci-info: | Device |  Up  |          Address           |      Mask     | Scope  |     Hw-Address    |
[   11.504869] cloud-init[1084]: ci-info: +--------+------+----------------------------+---------------+--------+-------------------+
[   11.506471] cloud-init[1084]: ci-info: | enp0s3 | True |         10.0.2.15          | 255.255.255.0 | global | 02:26:20:ce:de:47 |
[   11.508611] cloud-init[1084]: ci-info: | enp0s3 | True | fe80::26:20ff:fece:de47/64 |       .       |  link  | 02:26:20:ce:de:47 |
[   11.524883] cloud-init[1084]: ci-info: | enp0s8 | True |       192.168.1.103        | 255.255.255.0 | global | 08:00:27:00:0c:b2 |
[   11.534888] cloud-init[1084]: ci-info: | enp0s8 | True | fe80::a00:27ff:fe00:cb2/64 |       .       |  link  | 08:00:27:00:0c:b2 |
[   11.544863] cloud-init[1084]: ci-info: |   lo   | True |         127.0.0.1          |   255.0.0.0   |  host  |         .         |
[   11.552258] cloud-init[1084]: ci-info: |   lo   | True |          ::1/128           |       .       |  host  |         .         |
[[0;32m  OK  [0m] Started Initial cloud-init job (metadata service crawler).
[   11.563027] cloud-init[1084]: ci-info: +--------+------+----------------------------+---------------+--------+-------------------+
[[0;32m  OK  [0m] Reached target Network is Online.
         Starting iSCSI initiator daemon (iscsid)...[   11.574274] cloud-init[1084]: ci-info: +++++++++++++++++++++++++++Route IPv4 info++++++++++++++++++++++++++++
[   11.577894] cloud-init[1084]: ci-info: +-------+-------------+----------+---------------+-----------+-------+
[   11.579596] cloud-init[1084]: ci-info: | Route | Destination | Gateway  |    Genmask    | Interface | Flags |
[[0;32m  OK  [0m] Reached target Cloud-config availability.
[[0;32m  OK  [0m] Reached target System Initialization.
         Starting Socket activation for snappy daemon.

[   11.585113] cloud-init[1084]: ci-info: +-------+-------------+----------+---------------+-----------+-------+
[   11.586666] cloud-init[1084]: ci-info: |   0   |   0.0.0.0   | 10.0.2.2 |    0.0.0.0    |   enp0s3  |   UG  |
[   11.590028] cloud-init[1084]: ci-info: |   1   |   10.0.2.0  | 0.0.0.0  | 255.255.255.0 |   enp0s3  |   U   |
[   11.596363] cloud-init[1084]: ci-info: |   2   | 192.168.1.0 | 0.0.0.0  | 255.255.255.0 |   enp0s8  |   U   |
[   11.597536] cloud-init[1084]: ci-info: +-------+-------------+----------+---------------+-----------+-------+
[   11.607394] cloud-init[1084]: ci-info: +++++++++++++++++++Route IPv6 info+++++++++++++++++++
         Starting LXD - unix socket.
         Starting Docker Socket for the API.
[   11.619863] cloud-init[1084]: ci-info: +-------+-------------+---------+-----------+-------+
[[0;32m  OK  [0m] Listening on ACPID Listen Socket.
[   11.633137] [[0;32m  OK  [0m] Started ACPI Events Check.
[[0;32m  OK  [0m] Reached target Paths.
[[0;32m  OK  [0m] Listening on D-Bus System Message Bus Socket.
cloud-init[1084]: ci-info: | Route | Destination | Gateway | Interface | Flags |
[   11.637144] cloud-init[1084]: ci-info: +-------+-------------+---------+-----------+-------+
[   11.644431] cloud-init[1084]: ci-info: |   0   |  fe80::/64  |    ::   |   enp0s8  |   U   |
[   11.645527] cloud-init[1084]: ci-info: |   1   |  fe80::/64  |    ::   |   enp0s3  |   U   |
[   11.646491] cloud-init[1084]: ci-info: |   4   |   ff00::/8  |    ::   |   enp0s8  |   U   |
[   11.652448] cloud-init[1084]: ci-info: |   5   |   ff00::/8  |    ::   |   enp0s3  |   U   |
[[0;32m  OK  [0m] Started Daily apt download activities.
[[0;32m  OK  [0m] Started Daily apt upgrade and clean activities.
[[0;32m  OK  [0m] Started Daily Cleanup of Temporary Directories.
[[0;32m  OK  [0m] Reached target Timers.
[[0;32m  OK  [0m] Listening on UUID daemon activation socket.
[   11.665705] cloud-init[1084]: ci-info: +-------+-------------+---------+-----------+-------+
[[0;32m  OK  [0m] Listening on Socket activation for snappy daemon.
[[0;32m  OK  [0m] Listening on LXD - unix socket.
[[0;32m  OK  [0m] Listening on Docker Socket for the API.
[[0;32m  OK  [0m] Reached target Sockets.
[[0;32m  OK  [0m] Reached target Basic System.
         Starting System Logging Service...
         Starting Login Service...
         Starting containerd container runtime...
[[0;32m  OK  [0m] Started Regular background program processing daemon.
         Starting LSB: MD monitoring daemon...
[[0;32m  OK  [0m] Started D-Bus System Message Bus.
         Starting /etc/rc.local Compatibility...
         Starting Accounts Service...
[[0;32m  OK  [0m] Started Deferred execution scheduler.
[[0;32m  OK  [0m] Started ACPI event daemon.
         Starting OpenBSD Secure Shell server...
[[0;32m  OK  [0m] Started FUSE filesystem for LXC.
         Starting LXD - container startup/shutdown...
         Starting LSB: Record successful boot for GRUB...
         Starting Virtualbox guest utils...
         Starting Snappy daemon...
[[0;32m  OK  [0m] Started System Logging Service.
[[0;32m  OK  [0m] Started iSCSI initiator daemon (iscsid).
[[0;32m  OK  [0m] Started containerd container runtime.
[[0;32m  OK  [0m] Started /etc/rc.local Compatibility.
[[0;32m  OK  [0m] Started Login Service.
[[0;32m  OK  [0m] Started Unattended Upgrades Shutdown.
         Starting Docker Application Container Engine...
         Starting Login to default iSCSI targets...
[[0;32m  OK  [0m] Started LSB: Record successful boot for GRUB.
[[0;32m  OK  [0m] Started Login to default iSCSI targets.
[[0;32m  OK  [0m] Reached target Remote File Systems (Pre).
[[0;32m  OK  [0m] Reached target Remote File Systems.
         Starting LSB: daemon to balance interrupts for SMP systems...
         Starting LSB: automatic crash report generation...
         Starting Permit User Sessions...
         Starting LSB: Set the CPU Frequency Scaling governor to "ondemand"...
[[0;32m  OK  [0m] Started LSB: Set the CPU Frequency Scaling governor to "ondemand".
[[0;32m  OK  [0m] Started Permit User Sessions.
         Starting Terminate Plymouth Boot Screen...
         Starting Hold until boot process finishes up...
[[0;32m  OK  [0m] Started LSB: daemon to balance interrupts for SMP systems.
[[0;32m  OK  [0m] Started Terminate Plymouth Boot Screen.
[[0;32m  OK  [0m] Started Hold until boot process finishes up.
[[0;32m  OK  [0m] Started Getty on tty1.
[[0;32m  OK  [0m] Started Serial Getty on ttyS0.
[[0;32m  OK  [0m] Reached target Login Prompts.
         Starting Set console scheme...
[[0;32m  OK  [0m] Started Set console scheme.
[[0;32m  OK  [0m] Started OpenBSD Secure Shell server.
[[0;32m  OK  [0m] Started LSB: automatic crash report generation.
[[0;32m  OK  [0m] Started LSB: MD monitoring daemon.
         Starting Authenticate and Authorize Users to Run Privileged Tasks...
[[0;32m  OK  [0m] Started Virtualbox guest utils.
[[0;32m  OK  [0m] Started Authenticate and Authorize Users to Run Privileged Tasks.
[[0;32m  OK  [0m] Started Accounts Service.
[[0;32m  OK  [0m] Started LXD - container startup/shutdown.
[[0;32m  OK  [0m] Started Snappy daemon.
         Starting Wait until snapd is fully seeded...
[[0;32m  OK  [0m] Started Wait until snapd is fully seeded.
         Starting Apply the settings specified in cloud-config...
[   16.714553] cloud-init[1362]: Cloud-init v. 19.1-1-gbaa47854-0ubuntu1~16.04.1 running 'modules:config' at Fri, 26 Jul 2019 21:49:21 +0000. Up 16.43 seconds.
[[0;32m  OK  [0m] Started Apply the settings specified in cloud-config.

Ubuntu 16.04.6 LTS worker1 ttyS0

worker1 login: [   19.213500] cloud-init[1574]: Cloud-init v. 19.1-1-gbaa47854-0ubuntu1~16.04.1 running 'modules:final' at Fri, 26 Jul 2019 21:49:23 +0000. Up 19.05 seconds.
[   19.215846] cloud-init[1574]: Cloud-init v. 19.1-1-gbaa47854-0ubuntu1~16.04.1 finished at Fri, 26 Jul 2019 21:49:24 +0000. Datasource DataSourceNoCloud [seed=/dev/sdb][dsmode=net].  Up 19.20 seconds
